[debug] [2023-12-26T04:51:15.565Z] ----------------------------------------------------------------------
[debug] [2023-12-26T04:51:15.568Z] Command:       C:\Program Files\nodejs\node.exe C:\Users\Pranav\AppData\Roaming\npm\node_modules\firebase-tools\lib\bin\firebase.js deploy
[debug] [2023-12-26T04:51:15.568Z] CLI Version:   13.0.2
[debug] [2023-12-26T04:51:15.568Z] Platform:      win32
[debug] [2023-12-26T04:51:15.569Z] Node Version:  v20.9.0
[debug] [2023-12-26T04:51:15.569Z] Time:          Mon Dec 25 2023 22:51:15 GMT-0600 (Central Standard Time)
[debug] [2023-12-26T04:51:15.569Z] ----------------------------------------------------------------------
[debug] 
[debug] [2023-12-26T04:51:15.659Z] > command requires scopes: ["email","openid","https://www.googleapis.com/auth/cloudplatformprojects.readonly","https://www.googleapis.com/auth/firebase","https://www.googleapis.com/auth/cloud-platform"]
[debug] [2023-12-26T04:51:15.660Z] > authorizing via signed-in user (pranavnatarajan1@gmail.com)
[debug] [2023-12-26T04:51:15.660Z] [iam] checking project kokomi-gg for permissions ["firebase.projects.get","firebasehosting.sites.update"]
[debug] [2023-12-26T04:51:15.662Z] > refreshing access token with scopes: []
[debug] [2023-12-26T04:51:15.663Z] >>> [apiv2][query] POST https://www.googleapis.com/oauth2/v3/token [none]
[debug] [2023-12-26T04:51:15.664Z] >>> [apiv2][body] POST https://www.googleapis.com/oauth2/v3/token [omitted]
[debug] [2023-12-26T04:51:15.838Z] <<< [apiv2][status] POST https://www.googleapis.com/oauth2/v3/token 200
[debug] [2023-12-26T04:51:15.839Z] <<< [apiv2][body] POST https://www.googleapis.com/oauth2/v3/token [omitted]
[debug] [2023-12-26T04:51:15.845Z] >>> [apiv2][query] POST https://cloudresourcemanager.googleapis.com/v1/projects/kokomi-gg:testIamPermissions [none]
[debug] [2023-12-26T04:51:15.845Z] >>> [apiv2][(partial)header] POST https://cloudresourcemanager.googleapis.com/v1/projects/kokomi-gg:testIamPermissions x-goog-quota-user=projects/kokomi-gg
[debug] [2023-12-26T04:51:15.846Z] >>> [apiv2][body] POST https://cloudresourcemanager.googleapis.com/v1/projects/kokomi-gg:testIamPermissions {"permissions":["firebase.projects.get","firebasehosting.sites.update"]}
[debug] [2023-12-26T04:51:16.041Z] <<< [apiv2][status] POST https://cloudresourcemanager.googleapis.com/v1/projects/kokomi-gg:testIamPermissions 200
[debug] [2023-12-26T04:51:16.041Z] <<< [apiv2][body] POST https://cloudresourcemanager.googleapis.com/v1/projects/kokomi-gg:testIamPermissions {"permissions":["firebase.projects.get","firebasehosting.sites.update"]}
[debug] [2023-12-26T04:51:16.042Z] >>> [apiv2][query] GET https://firebase.googleapis.com/v1beta1/projects/kokomi-gg [none]
[debug] [2023-12-26T04:51:16.314Z] <<< [apiv2][status] GET https://firebase.googleapis.com/v1beta1/projects/kokomi-gg 200
[debug] [2023-12-26T04:51:16.315Z] <<< [apiv2][body] GET https://firebase.googleapis.com/v1beta1/projects/kokomi-gg {"projectId":"kokomi-gg","projectNumber":"11054316517","displayName":"kokomi-gg","name":"projects/kokomi-gg","resources":{"hostingSite":"kokomi-gg","storageBucket":"kokomi-gg.appspot.com","locationId":"us-central"},"state":"ACTIVE","etag":"1_25a2d1e6-1760-43fe-a22f-5fd0d0231b4e"}
[info] 
[info] === Deploying to 'kokomi-gg'...
[info] 
[info] i  deploying hosting 
[info] Running command: npm run build
